----------------------------------------
Exception occurred during processing of request from ('127.0.0.1', 59760)
Traceback (most recent call last):
  File "/usr/lib/python3.12/socketserver.py", line 318, in _handle_request_noblock
    self.process_request(request, client_address)
  File "/usr/lib/python3.12/socketserver.py", line 349, in process_request
    self.finish_request(request, client_address)
  File "/usr/lib/python3.12/socketserver.py", line 362, in finish_request
    self.RequestHandlerClass(request, client_address, self)
  File "/usr/lib/python3.12/socketserver.py", line 761, in __init__
    self.handle()
  File "/usr/lib/python3.12/http/server.py", line 436, in handle
    self.handle_one_request()
  File "/usr/lib/python3.12/http/server.py", line 424, in handle_one_request
    method()
  File "/home/vibhavaggarwal/athena/api/server.py", line 48, in do_GET
    self._handle_stats()
  File "/home/vibhavaggarwal/athena/api/server.py", line 76, in _handle_stats
    record = result.single()
             ^^^^^^^^^^^^^^^
  File "/home/vibhavaggarwal/athena/venv/lib/python3.12/site-packages/neo4j/_sync/work/result.py", line 620, in single
    self._buffer(2)
  File "/home/vibhavaggarwal/athena/venv/lib/python3.12/site-packages/neo4j/_sync/work/result.py", line 457, in _buffer
    for record in self:
  File "/home/vibhavaggarwal/athena/venv/lib/python3.12/site-packages/neo4j/_sync/work/result.py", line 407, in __iter__
    self._connection.fetch_message()
  File "/home/vibhavaggarwal/athena/venv/lib/python3.12/site-packages/neo4j/_sync/io/_common.py", line 192, in inner
    func(*args, **kwargs)
  File "/home/vibhavaggarwal/athena/venv/lib/python3.12/site-packages/neo4j/_sync/io/_bolt.py", line 866, in fetch_message
    res = self._process_message(tag, fields)
          ^^^^^^^^^^^^^^^^^^^^^^^^^^^^^^^^^^
  File "/home/vibhavaggarwal/athena/venv/lib/python3.12/site-packages/neo4j/_sync/io/_bolt5.py", line 1202, in _process_message
    response.on_failure(summary_metadata or {})
  File "/home/vibhavaggarwal/athena/venv/lib/python3.12/site-packages/neo4j/_sync/io/_common.py", line 262, in on_failure
    raise self._hydrate_error(metadata)
neo4j.exceptions.CypherTypeError: {neo4j_code: Neo.ClientError.Statement.TypeError} {message: AVG(NodeProperty(0,19)) can only handle numerical values, duration, or null.} {gql_status: 50N42} {gql_status_description: error: general processing exception - unexpected error. Unexpected error has occurred. See debug log for details.}
----------------------------------------
----------------------------------------
Exception occurred during processing of request from ('127.0.0.1', 35226)
Traceback (most recent call last):
  File "/usr/lib/python3.12/socketserver.py", line 318, in _handle_request_noblock
    self.process_request(request, client_address)
  File "/usr/lib/python3.12/socketserver.py", line 349, in process_request
    self.finish_request(request, client_address)
  File "/usr/lib/python3.12/socketserver.py", line 362, in finish_request
    self.RequestHandlerClass(request, client_address, self)
  File "/usr/lib/python3.12/socketserver.py", line 761, in __init__
    self.handle()
  File "/usr/lib/python3.12/http/server.py", line 436, in handle
    self.handle_one_request()
  File "/usr/lib/python3.12/http/server.py", line 424, in handle_one_request
    method()
  File "/home/vibhavaggarwal/athena/api/server.py", line 48, in do_GET
    self._handle_stats()
  File "/home/vibhavaggarwal/athena/api/server.py", line 76, in _handle_stats
    record = result.single()
             ^^^^^^^^^^^^^^^
  File "/home/vibhavaggarwal/athena/venv/lib/python3.12/site-packages/neo4j/_sync/work/result.py", line 620, in single
    self._buffer(2)
  File "/home/vibhavaggarwal/athena/venv/lib/python3.12/site-packages/neo4j/_sync/work/result.py", line 457, in _buffer
    for record in self:
  File "/home/vibhavaggarwal/athena/venv/lib/python3.12/site-packages/neo4j/_sync/work/result.py", line 407, in __iter__
    self._connection.fetch_message()
  File "/home/vibhavaggarwal/athena/venv/lib/python3.12/site-packages/neo4j/_sync/io/_common.py", line 192, in inner
    func(*args, **kwargs)
  File "/home/vibhavaggarwal/athena/venv/lib/python3.12/site-packages/neo4j/_sync/io/_bolt.py", line 866, in fetch_message
    res = self._process_message(tag, fields)
          ^^^^^^^^^^^^^^^^^^^^^^^^^^^^^^^^^^
  File "/home/vibhavaggarwal/athena/venv/lib/python3.12/site-packages/neo4j/_sync/io/_bolt5.py", line 1202, in _process_message
    response.on_failure(summary_metadata or {})
  File "/home/vibhavaggarwal/athena/venv/lib/python3.12/site-packages/neo4j/_sync/io/_common.py", line 262, in on_failure
    raise self._hydrate_error(metadata)
neo4j.exceptions.CypherTypeError: {neo4j_code: Neo.ClientError.Statement.TypeError} {message: AVG(NodeProperty(0,19)) can only handle numerical values, duration, or null.} {gql_status: 50N42} {gql_status_description: error: general processing exception - unexpected error. Unexpected error has occurred. See debug log for details.}
----------------------------------------
